# JRE version: Java(TM) SE Runtime Environment (8.0_151-b12) (build 1.8.0_151-b12)
# Java VM: Java HotSpot(TM) 64-Bit Server VM (25.151-b12 mixed mode windows-amd64 compressed oops)
Heap:
 PSYoungGen      total 76288K, used 33222K [0x000000076b200000, 0x0000000774700000, 0x00000007c0000000)
  eden space 65536K, 34% used [0x000000076b200000,0x000000076c7f4d98,0x000000076f200000)
  from space 10752K, 99% used [0x000000076f200000,0x000000076fc7cb90,0x000000076fc80000)
  to   space 10752K, 0% used [0x0000000773c80000,0x0000000773c80000,0x0000000774700000)
 ParOldGen       total 175104K, used 78355K [0x00000006c1600000, 0x00000006cc100000, 0x000000076b200000)
  object space 175104K, 44% used [0x00000006c1600000,0x00000006c6284e78,0x00000006cc100000)
 Metaspace       used 16681K, capacity 16965K, committed 17152K, reserved 1064960K
  class space    used 1434K, capacity 1529K, committed 1536K, reserved 1048576K
GC Heap History (6 events):
Event: 1.887 GC heap before
{Heap before GC invocations=1 (full 0):
 PSYoungGen      total 76288K, used 62532K [0x000000076b200000, 0x0000000770700000, 0x00000007c0000000)
  eden space 65536K, 95% used [0x000000076b200000,0x000000076ef111e8,0x000000076f200000)
  from space 10752K, 0% used [0x000000076fc80000,0x000000076fc80000,0x0000000770700000)
  to   space 10752K, 0% used [0x000000076f200000,0x000000076f200000,0x000000076fc80000)
 ParOldGen       total 175104K, used 0K [0x00000006c1600000, 0x00000006cc100000, 0x000000076b200000)
  object space 175104K, 0% used [0x00000006c1600000,0x00000006c1600000,0x00000006cc100000)
 Metaspace       used 13424K, capacity 13699K, committed 13952K, reserved 1062912K
  class space    used 1238K, capacity 1336K, committed 1408K, reserved 1048576K
Event: 1.893 GC heap after
Heap after GC invocations=1 (full 0):
 PSYoungGen      total 76288K, used 4473K [0x000000076b200000, 0x0000000770700000, 0x00000007c0000000)
  eden space 65536K, 0% used [0x000000076b200000,0x000000076b200000,0x000000076f200000)
  from space 10752K, 41% used [0x000000076f200000,0x000000076f65e4a0,0x000000076fc80000)
  to   space 10752K, 0% used [0x000000076fc80000,0x000000076fc80000,0x0000000770700000)
 ParOldGen       total 175104K, used 24K [0x00000006c1600000, 0x00000006cc100000, 0x000000076b200000)
  object space 175104K, 0% used [0x00000006c1600000,0x00000006c1606000,0x00000006cc100000)
 Metaspace       used 13424K, capacity 13699K, committed 13952K, reserved 1062912K
  class space    used 1238K, capacity 1336K, committed 1408K, reserved 1048576K
}
Event: 2.231 GC heap before
{Heap before GC invocations=2 (full 0):
 PSYoungGen      total 76288K, used 69539K [0x000000076b200000, 0x0000000770700000, 0x00000007c0000000)
  eden space 65536K, 99% used [0x000000076b200000,0x000000076f18a8a0,0x000000076f200000)
  from space 10752K, 41% used [0x000000076f200000,0x000000076f65e4a0,0x000000076fc80000)
  to   space 10752K, 0% used [0x000000076fc80000,0x000000076fc80000,0x0000000770700000)
 ParOldGen       total 175104K, used 24K [0x00000006c1600000, 0x00000006cc100000, 0x000000076b200000)
  object space 175104K, 0% used [0x00000006c1600000,0x00000006c1606000,0x00000006cc100000)
 Metaspace       used 16680K, capacity 16965K, committed 17152K, reserved 1064960K
  class space    used 1434K, capacity 1529K, committed 1536K, reserved 1048576K
Event: 2.240 GC heap after
Heap after GC invocations=2 (full 0):
 PSYoungGen      total 76288K, used 10738K [0x000000076b200000, 0x0000000774700000, 0x00000007c0000000)
  eden space 65536K, 0% used [0x000000076b200000,0x000000076b200000,0x000000076f200000)
  from space 10752K, 99% used [0x000000076fc80000,0x00000007706fcb90,0x0000000770700000)
  to   space 10752K, 0% used [0x000000076f200000,0x000000076f200000,0x000000076fc80000)
 ParOldGen       total 175104K, used 15034K [0x00000006c1600000, 0x00000006cc100000, 0x000000076b200000)
  object space 175104K, 8% used [0x00000006c1600000,0x00000006c24ae918,0x00000006cc100000)
 Metaspace       used 16680K, capacity 16965K, committed 17152K, reserved 1064960K
  class space    used 1434K, capacity 1529K, committed 1536K, reserved 1048576K
}
Event: 2.266 GC heap before
{Heap before GC invocations=3 (full 0):
 PSYoungGen      total 76288K, used 75457K [0x000000076b200000, 0x0000000774700000, 0x00000007c0000000)
  eden space 65536K, 98% used [0x000000076b200000,0x000000076f133a28,0x000000076f200000)
  from space 10752K, 99% used [0x000000076fc80000,0x00000007706fcb90,0x0000000770700000)
  to   space 10752K, 0% used [0x000000076f200000,0x000000076f200000,0x000000076fc80000)
 ParOldGen       total 175104K, used 15034K [0x00000006c1600000, 0x00000006cc100000, 0x000000076b200000)
  object space 175104K, 8% used [0x00000006c1600000,0x00000006c24ae918,0x00000006cc100000)
 Metaspace       used 16680K, capacity 16965K, committed 17152K, reserved 1064960K
  class space    used 1434K, capacity 1529K, committed 1536K, reserved 1048576K
Event: 2.280 GC heap after
Heap after GC invocations=3 (full 0):
 PSYoungGen      total 76288K, used 10738K [0x000000076b200000, 0x0000000774700000, 0x00000007c0000000)
  eden space 65536K, 0% used [0x000000076b200000,0x000000076b200000,0x000000076f200000)
  from space 10752K, 99% used [0x000000076f200000,0x000000076fc7cb90,0x000000076fc80000)
  to   space 10752K, 0% used [0x0000000773c80000,0x0000000773c80000,0x0000000774700000)
 ParOldGen       total 175104K, used 78355K [0x00000006c1600000, 0x00000006cc100000, 0x000000076b200000)
  object space 175104K, 44% used [0x00000006c1600000,0x00000006c6284e78,0x00000006cc100000)
 Metaspace       used 16680K, capacity 16965K, committed 17152K, reserved 1064960K
  class space    used 1434K, capacity 1529K, committed 1536K, reserved 1048576K
}

