# JRE version: Java(TM) SE Runtime Environment (8.0_151-b12) (build 1.8.0_151-b12)
# Java VM: Java HotSpot(TM) 64-Bit Server VM (25.151-b12 mixed mode windows-amd64 compressed oops)
Heap:
 PSYoungGen      total 76288K, used 33223K [0x000000076b200000, 0x0000000774700000, 0x00000007c0000000)
  eden space 65536K, 34% used [0x000000076b200000,0x000000076c7f5130,0x000000076f200000)
  from space 10752K, 99% used [0x000000076f200000,0x000000076fc7cb90,0x000000076fc80000)
  to   space 10752K, 0% used [0x0000000773c80000,0x0000000773c80000,0x0000000774700000)
 ParOldGen       total 175104K, used 78465K [0x00000006c1600000, 0x00000006cc100000, 0x000000076b200000)
  object space 175104K, 44% used [0x00000006c1600000,0x00000006c62a06a8,0x00000006cc100000)
 Metaspace       used 16677K, capacity 16965K, committed 17152K, reserved 1064960K
  class space    used 1434K, capacity 1529K, committed 1536K, reserved 1048576K
GC Heap History (6 events):
Event: 1.946 GC heap before
{Heap before GC invocations=1 (full 0):
 PSYoungGen      total 76288K, used 62569K [0x000000076b200000, 0x0000000770700000, 0x00000007c0000000)
  eden space 65536K, 95% used [0x000000076b200000,0x000000076ef1a530,0x000000076f200000)
  from space 10752K, 0% used [0x000000076fc80000,0x000000076fc80000,0x0000000770700000)
  to   space 10752K, 0% used [0x000000076f200000,0x000000076f200000,0x000000076fc80000)
 ParOldGen       total 175104K, used 0K [0x00000006c1600000, 0x00000006cc100000, 0x000000076b200000)
  object space 175104K, 0% used [0x00000006c1600000,0x00000006c1600000,0x00000006cc100000)
 Metaspace       used 13427K, capacity 13699K, committed 13952K, reserved 1062912K
  class space    used 1238K, capacity 1336K, committed 1408K, reserved 1048576K
Event: 1.952 GC heap after
Heap after GC invocations=1 (full 0):
 PSYoungGen      total 76288K, used 4475K [0x000000076b200000, 0x0000000770700000, 0x00000007c0000000)
  eden space 65536K, 0% used [0x000000076b200000,0x000000076b200000,0x000000076f200000)
  from space 10752K, 41% used [0x000000076f200000,0x000000076f65efe0,0x000000076fc80000)
  to   space 10752K, 0% used [0x000000076fc80000,0x000000076fc80000,0x0000000770700000)
 ParOldGen       total 175104K, used 16K [0x00000006c1600000, 0x00000006cc100000, 0x000000076b200000)
  object space 175104K, 0% used [0x00000006c1600000,0x00000006c1604000,0x00000006cc100000)
 Metaspace       used 13427K, capacity 13699K, committed 13952K, reserved 1062912K
  class space    used 1238K, capacity 1336K, committed 1408K, reserved 1048576K
}
Event: 2.299 GC heap before
{Heap before GC invocations=2 (full 0):
 PSYoungGen      total 76288K, used 69395K [0x000000076b200000, 0x0000000770700000, 0x00000007c0000000)
  eden space 65536K, 99% used [0x000000076b200000,0x000000076f165de0,0x000000076f200000)
  from space 10752K, 41% used [0x000000076f200000,0x000000076f65efe0,0x000000076fc80000)
  to   space 10752K, 0% used [0x000000076fc80000,0x000000076fc80000,0x0000000770700000)
 ParOldGen       total 175104K, used 16K [0x00000006c1600000, 0x00000006cc100000, 0x000000076b200000)
  object space 175104K, 0% used [0x00000006c1600000,0x00000006c1604000,0x00000006cc100000)
 Metaspace       used 16675K, capacity 16965K, committed 17152K, reserved 1064960K
  class space    used 1434K, capacity 1529K, committed 1536K, reserved 1048576K
Event: 2.306 GC heap after
Heap after GC invocations=2 (full 0):
 PSYoungGen      total 76288K, used 10738K [0x000000076b200000, 0x0000000774700000, 0x00000007c0000000)
  eden space 65536K, 0% used [0x000000076b200000,0x000000076b200000,0x000000076f200000)
  from space 10752K, 99% used [0x000000076fc80000,0x00000007706fcb90,0x0000000770700000)
  to   space 10752K, 0% used [0x000000076f200000,0x000000076f200000,0x000000076fc80000)
 ParOldGen       total 175104K, used 15104K [0x00000006c1600000, 0x00000006cc100000, 0x000000076b200000)
  object space 175104K, 8% used [0x00000006c1600000,0x00000006c24c0148,0x00000006cc100000)
 Metaspace       used 16675K, capacity 16965K, committed 17152K, reserved 1064960K
  class space    used 1434K, capacity 1529K, committed 1536K, reserved 1048576K
}
Event: 2.328 GC heap before
{Heap before GC invocations=3 (full 0):
 PSYoungGen      total 76288K, used 75456K [0x000000076b200000, 0x0000000774700000, 0x00000007c0000000)
  eden space 65536K, 98% used [0x000000076b200000,0x000000076f1337d8,0x000000076f200000)
  from space 10752K, 99% used [0x000000076fc80000,0x00000007706fcb90,0x0000000770700000)
  to   space 10752K, 0% used [0x000000076f200000,0x000000076f200000,0x000000076fc80000)
 ParOldGen       total 175104K, used 15104K [0x00000006c1600000, 0x00000006cc100000, 0x000000076b200000)
  object space 175104K, 8% used [0x00000006c1600000,0x00000006c24c0148,0x00000006cc100000)
 Metaspace       used 16676K, capacity 16965K, committed 17152K, reserved 1064960K
  class space    used 1434K, capacity 1529K, committed 1536K, reserved 1048576K
Event: 2.340 GC heap after
Heap after GC invocations=3 (full 0):
 PSYoungGen      total 76288K, used 10738K [0x000000076b200000, 0x0000000774700000, 0x00000007c0000000)
  eden space 65536K, 0% used [0x000000076b200000,0x000000076b200000,0x000000076f200000)
  from space 10752K, 99% used [0x000000076f200000,0x000000076fc7cb90,0x000000076fc80000)
  to   space 10752K, 0% used [0x0000000773c80000,0x0000000773c80000,0x0000000774700000)
 ParOldGen       total 175104K, used 78465K [0x00000006c1600000, 0x00000006cc100000, 0x000000076b200000)
  object space 175104K, 44% used [0x00000006c1600000,0x00000006c62a06a8,0x00000006cc100000)
 Metaspace       used 16676K, capacity 16965K, committed 17152K, reserved 1064960K
  class space    used 1434K, capacity 1529K, committed 1536K, reserved 1048576K
}

